<?xml version="1.0" encoding="UTF-8"?>
<testng-results ignored="0" total="1" passed="1" failed="0" skipped="0">
  <reporter-output>
  </reporter-output>
  <suite started-at="2024-05-07T09:35:00 IST" name="Default suite" finished-at="2024-05-07T09:35:04 IST" duration-ms="3781">
    <groups>
    </groups>
    <test started-at="2024-05-07T09:35:00 IST" name="Default test" finished-at="2024-05-07T09:35:04 IST" duration-ms="3781">
      <class name="javapackage.RestAssuredCode">
        <test-method signature="getdata()[pri:0, instance:javapackage.RestAssuredCode@131774fe]" started-at="2024-05-07T09:35:00 IST" name="getdata" finished-at="2024-05-07T09:35:04 IST" duration-ms="3739" status="PASS">
          <reporter-output>
          </reporter-output>
        </test-method> <!-- getdata -->
      </class> <!-- javapackage.RestAssuredCode -->
    </test> <!-- Default test -->
  </suite> <!-- Default suite -->
</testng-results>
